       |/// Dealing with results of queries
       |module dpq2.result;
       |
       |public import dpq2.conv.to_d_types;
       |public import dpq2.conv.to_bson;
       |public import dpq2.oids;
       |public import dpq2.value;
       |
       |import dpq2.connection: Connection;
       |import dpq2.args: QueryParams;
       |import dpq2.exception;
       |import derelict.pq.pq;
       |
       |import core.vararg;
       |import std.string: toStringz;
       |import std.exception: enforce;
       |import core.exception: OutOfMemoryError;
       |import std.bitmanip: bigEndianToNative;
       |import std.conv: to;
       |
       |/// Result table's cell coordinates
       |private struct Coords
       |{
       |    size_t row; /// Row
       |    size_t col; /// Column
       |}
       |
       |package immutable final class ResultContainer
       |{
       |    // ResultContainer allows only one copy of PGresult* due to avoid double free.
       |    // For the same reason this class is declared as final.
       |    private PGresult* result;
       |    alias result this;
       |
       |    nothrow invariant()
       |    {
0000000|        assert( result != null );
       |    }
       |
0000000|    package this(immutable PGresult* r)
       |    {
0000000|        assert(r);
       |
0000000|        result = r;
       |    }
       |
       |    ~this()
       |    {
0000000|        assert(result != null);
       |
0000000|        PQclear(result);
       |    }
       |}
       |
       |/// Contains result of query regardless of whether it contains an error or data answer
       |immutable class Result
       |{
       |    private ResultContainer result;
       |
0000000|    package this(immutable ResultContainer r)
       |    {
0000000|        result = r;
       |    }
       |
       |    /// Returns the result status of the command.
       |    ExecStatusType status() nothrow
       |    {
0000000|        return PQresultStatus(result);
       |    }
       |
       |    /// Text description of result status.
       |    string statusString()
       |    {
0000000|        return PQresStatus(status).to!string;
       |    }
       |
       |    /// Returns the error message associated with the command, or an empty string if there was no error.
       |    string resultErrorMessage()
       |    {
0000000|        return PQresultErrorMessage(result).to!string;
       |    }
       |
       |    /// Returns an individual field of an error report.
       |    string resultErrorField(int fieldcode)
       |    {
0000000|        return PQresultErrorField(result, fieldcode).to!string;
       |    }
       |
       |    /// Creates Answer object
       |    immutable(Answer) getAnswer()
       |    {
0000000|        return new immutable Answer(result);
       |    }
       |
       |    ///
       |    string toString()
       |    {
       |        import std.ascii: newline;
       |
0000000|        string err = resultErrorMessage();
       |
0000000|        return statusString()~(err.length != 0 ? newline~err : "");
       |    }
       |}
       |
       |/// Contains result of query with valid data answer
       |immutable class Answer : Result
       |{
0000000|    package this(immutable ResultContainer r)
       |    {
0000000|        super(r);
       |
0000000|        checkAnswerForErrors();
       |    }
       |
       |    private void checkAnswerForErrors()
       |    {
0000000|        switch(status)
       |        {
0000000|            case PGRES_COMMAND_OK:
0000000|            case PGRES_TUPLES_OK:
0000000|            case PGRES_SINGLE_TUPLE:
0000000|            case PGRES_COPY_IN:
0000000|                break;
       |
0000000|            case PGRES_COPY_OUT:
0000000|                throw new AnswerException(ExceptionType.COPY_OUT_NOT_IMPLEMENTED, "COPY TO not yet supported");
       |
0000000|            default:
0000000|                throw new ResponseException(this, __FILE__, __LINE__);
       |        }
       |    }
       |
       |    /**
       |     * Returns the command status tag from the SQL command that generated the PGresult
       |     * Commonly this is just the name of the command, but it might include
       |     * additional data such as the number of rows processed.
       |     */
       |    string cmdStatus()
       |    {
0000000|        return (cast(PGresult*) result.result).PQcmdStatus.to!string;
       |    }
       |
       |    /**
       |     * Returns the number of rows affected by the SQL command.
       |     * This function returns a string containing the number of rows affected by the SQL statement
       |     * that generated the Answer. This function can only be used following the execution of
       |     * a SELECT, CREATE TABLE AS, INSERT, UPDATE, DELETE, MOVE, FETCH, or COPY statement,
       |     * or an EXECUTE of a prepared query that contains an INSERT, UPDATE, or DELETE statement.
       |     * If the command that generated the Anwser was anything else, cmdTuples returns an empty string.
       |    */
       |    string cmdTuples()
       |    {
0000000|        return PQcmdTuples(cast(PGresult*) result.result).to!string;
       |    }
       |
       |    /// Returns row count
0000000|    size_t length() nothrow { return PQntuples(result); }
       |
       |    /// Returns column count
0000000|    size_t columnCount() nothrow { return PQnfields(result); }
       |
       |    /// Returns column format
       |    ValueFormat columnFormat( const size_t colNum )
       |    {
0000000|        assertCol( colNum );
       |
0000000|        return cast(ValueFormat) PQfformat(result, to!int(colNum));
       |    }
       |
       |    /// Returns column Oid
       |    OidType OID( size_t colNum )
       |    {
0000000|        assertCol( colNum );
       |
0000000|        return PQftype(result, to!int(colNum)).oid2oidType;
       |    }
       |
       |    /// Checks if column type is array
       |    bool isArray( const size_t colNum )
       |    {
0000000|        assertCol(colNum);
       |
0000000|        return dpq2.oids.isSupportedArray(OID(colNum));
       |    }
       |    alias isSupportedArray = isArray; //TODO: deprecated
       |
       |    /// Returns column number by field name
       |    size_t columnNum( string columnName )
       |    {
0000000|        size_t n = PQfnumber(result, toStringz(columnName));
       |
0000000|        if( n == -1 )
0000000|            throw new AnswerException(ExceptionType.COLUMN_NOT_FOUND,
       |                    "Column '"~columnName~"' is not found", __FILE__, __LINE__);
       |
0000000|        return n;
       |    }
       |
       |    /// Returns column name by field number
       |    string columnName( in size_t colNum )
       |    {
0000000|        const char* s = PQfname(result, colNum.to!int);
       |
0000000|        if( s == null )
0000000|            throw new AnswerException(
       |                    ExceptionType.OUT_OF_RANGE,
       |                    "Column "~to!string(colNum)~" is out of range 0.."~to!string(columnCount),
       |                    __FILE__, __LINE__
       |                );
       |
0000000|        return s.to!string;
       |    }
       |
       |    /// Returns true if the column exists, false if not
       |    bool columnExists( string columnName )
       |    {
0000000|        size_t n = PQfnumber(result, columnName.toStringz);
       |
0000000|        return n != -1;
       |    }
       |
       |    /// Returns row of cells
       |    immutable (Row) opIndex(in size_t row)
       |    {
0000000|        return immutable Row(this, row);
       |    }
       |
       |    /**
       |     Returns the number of parameters of a prepared statement.
       |     This function is only useful when inspecting the result of describePrepared.
       |     For other types of queries it will return zero.
       |    */
       |    uint nParams()
       |    {
0000000|        return PQnparams(result);
       |    }
       |
       |    /**
       |     Returns the data type of the indicated statement parameter.
       |     Parameter numbers start at 0.
       |     This function is only useful when inspecting the result of describePrepared.
       |     For other types of queries it will return zero.
       |    */
       |    OidType paramType(T)(T paramNum)
       |    {
0000000|        return PQparamtype(result, paramNum.to!uint).oid2oidType;
       |    }
       |
       |    ///
       |    override string toString()
       |    {
       |        import std.ascii: newline;
       |
0000000|        string res;
       |
0000000|        foreach(n; 0 .. columnCount)
0000000|            res ~= columnName(n)~"::"~OID(n).to!string~"\t";
       |
0000000|        res ~= newline;
       |
0000000|        foreach(row; rangify(this))
0000000|            res ~= row.toString~newline;
       |
0000000|        return super.toString~newline~res;
       |    }
       |
       |    private void assertCol( const size_t c )
       |    {
0000000|        if(!(c < columnCount))
0000000|            throw new AnswerException(
       |                ExceptionType.OUT_OF_RANGE,
       |                "Column "~to!string(c)~" is out of range 0.."~to!string(columnCount)~" of result columns",
       |                __FILE__, __LINE__
       |            );
       |    }
       |
       |    private void assertRow( const size_t r )
       |    {
0000000|        if(!(r < length))
0000000|            throw new AnswerException(
       |                ExceptionType.OUT_OF_RANGE,
       |                "Row "~to!string(r)~" is out of range 0.."~to!string(length)~" of result rows",
       |                __FILE__, __LINE__
       |            );
       |    }
       |
       |     private void assertCoords( const Coords c )
       |    {
0000000|        assertRow( c.row );
0000000|        assertCol( c.col );
       |    }
       |}
       |
       |/// Creates forward range from immutable Answer
       |auto rangify(T)(T obj)
       |{
       |    struct Rangify(T)
       |    {
       |        T obj;
       |        alias obj this;
       |
       |        private int curr;
       |
0000000|        this(T o)
       |        {
0000000|            obj = o;
       |        }
       |
0000000|        auto front(){ return obj[curr]; }
0000000|        void popFront(){ ++curr; }
0000000|        bool empty(){ return curr >= obj.length; }
       |    }
       |
0000000|    return Rangify!(T)(obj);
       |}
       |
       |/// Represents one row from the answer table
       |immutable struct Row
       |{
       |    private Answer answer;
       |    private size_t row;
       |
       |    ///
0000000|    this(immutable Answer answer, in size_t row)
       |    {
0000000|        answer.assertRow( row );
       |
0000000|        this.answer = answer;
0000000|        this.row = row;
       |    }
       |
       |    /// Returns the actual length of a cell value in bytes.
       |    size_t size( const size_t col )
       |    {
0000000|        answer.assertCol(col);
       |
0000000|        return PQgetlength(answer.result, to!int(row), to!int(col));
       |    }
       |
       |    /// Checks if value is NULL
       |    ///
       |    /// Do not confuse it with Nullable's isNull method
       |    bool isNULL( const size_t col )
       |    {
0000000|        answer.assertCol(col);
       |
0000000|        return PQgetisnull(answer.result, to!int(row), to!int(col)) != 0;
       |    }
       |
       |    /// Checks if column with name exists
       |    bool columnExists(in string column)
       |    {
0000000|        return answer.columnExists(column);
       |    }
       |
       |    /// Returns cell value by column number
       |    immutable (Value) opIndex(in size_t col)
       |    {
0000000|        answer.assertCoords( Coords( row, col ) );
       |
       |        // The pointer returned by PQgetvalue points to storage that is part of the PGresult structure.
       |        // One should not modify the data it points to, and one must explicitly copy the data into other
       |        // storage if it is to be used past the lifetime of the PGresult structure itself.
0000000|        immutable ubyte* v = cast(immutable) PQgetvalue(answer.result, to!int(row), to!int(col));
0000000|        size_t s = size(col);
       |
0000000|        return immutable Value(v[0..s], answer.OID(col), isNULL(col), answer.columnFormat(col));
       |    }
       |
       |    /// Returns cell value by field name
       |    immutable (Value) opIndex(in string column)
       |    {
0000000|        return opIndex(columnNum(column));
       |    }
       |
       |    /// Returns column number by field name
       |    size_t columnNum( string columnName )
       |    {
0000000|        return answer.columnNum( columnName );
       |    }
       |
       |    /// Returns column name by field number
       |    string columnName( in size_t colNum )
       |    {
0000000|        return answer.columnName( colNum );
       |    }
       |
       |    /// Returns column count
0000000|    size_t length() { return answer.columnCount(); }
       |
       |    ///
       |    string toString()
       |    {
0000000|        string res;
       |
0000000|        foreach(val; rangify(this))
0000000|            res ~= dpq2.result.toString(val)~"\t";
       |
0000000|        return res;
       |    }
       |}
       |
       |/// Creates Array from appropriate Value
       |immutable (Array) asArray(immutable(Value) v)
       |{
     12|    if(v.format == ValueFormat.TEXT)
0000000|        throw new ValueConvException(ConvExceptionType.NOT_ARRAY,
       |            "Value internal format is text",
       |            __FILE__, __LINE__
       |        );
       |
     12|    if(!v.isSupportedArray)
0000000|        throw new ValueConvException(ConvExceptionType.NOT_ARRAY,
       |            "Format of the value is "~to!string(v.oidType)~", isn't supported array",
       |            __FILE__, __LINE__
       |        );
       |
     12|    return immutable Array(v);
       |}
       |
       |///
       |string toString(immutable Value v)
       |{
       |    import vibe.data.bson: Bson;
       |
0000000|    return v.isNull ? "NULL" : v.as!Bson.toString;
       |}
       |
       |package struct ArrayHeader_net // network byte order
       |{
       |    ubyte[4] ndims; // number of dimensions of the array
       |    ubyte[4] dataoffset_ign; // offset for data, removed by libpq. may be it contains isNULL flag!
       |    ubyte[4] OID; // element type OID
       |}
       |
       |package struct Dim_net // network byte order
       |{
       |    ubyte[4] dim_size; // number of elements in dimension
       |    ubyte[4] lbound; // unknown
       |}
       |
       |private @safe struct BytesReader(A = const ubyte[])
       |{
       |    A arr;
       |    size_t currIdx;
       |
     28|    this(A a)
       |    {
     28|        arr = a;
       |    }
       |
       |    T* read(T)() @trusted
       |    {
     73|        const incremented = currIdx + T.sizeof;
       |
       |        // Malformed buffer?
     73|        if(incremented > arr.length)
0000000|            throw new AnswerException(ExceptionType.FATAL_ERROR, null);
       |
     73|        auto ret = cast(T*) &arr[currIdx];
       |
     73|        currIdx = incremented;
       |
     73|        return ret;
       |    }
       |
       |    A readBuff(size_t len)
     56|    in(len >= 0)
       |    {
     56|        const incremented = currIdx + len;
       |
       |        // Malformed buffer?
     56|        if(incremented > arr.length)
0000000|            throw new AnswerException(ExceptionType.FATAL_ERROR, null);
       |
     56|        auto ret = arr[currIdx .. incremented];
       |
     56|        currIdx = incremented;
       |
     56|        return ret;
       |    }
       |}
       |
       |///
       |struct ArrayProperties
       |{
       |    OidType OID = OidType.Undefined; /// Oid
       |    int[] dimsSize; /// Dimensions sizes info
       |    size_t nElems; /// Total elements
       |    package size_t dataOffset;
       |
     16|    this(in Value cell)
       |    {
       |        try
     16|            fillStruct(cell);
       |        catch(AnswerException e)
       |        {
       |            // Malformed array bytes buffer?
0000000|            if(e.type == ExceptionType.FATAL_ERROR && e.msg is null)
0000000|                throw new ValueConvException(
       |                    ConvExceptionType.CORRUPTED_ARRAY,
       |                    "Corrupted array",
       |                    __FILE__, __LINE__, e
       |                );
       |            else
0000000|                throw e;
       |        }
       |    }
       |
       |    private void fillStruct(in Value cell)
       |    {
     16|        auto data = BytesReader!(immutable ubyte[])(cell.data);
       |
     16|        const ArrayHeader_net* h = data.read!ArrayHeader_net;
     16|        int nDims = bigEndianToNative!int(h.ndims);
     16|        OID = oid2oidType(bigEndianToNative!Oid(h.OID));
       |
     16|        if(nDims < 0)
0000000|            throw new ValueConvException(ConvExceptionType.CORRUPTED_ARRAY,
       |                "Array dimensions number is negative ("~to!string(nDims)~")",
       |            );
       |
     16|        dataOffset = ArrayHeader_net.sizeof + Dim_net.sizeof * nDims;
       |
     16|        dimsSize = new int[nDims];
       |
       |        // Recognize dimensions of array
    106|        for( auto i = 0; i < nDims; ++i )
       |        {
     37|            Dim_net* d = (cast(Dim_net*) (h + 1)) + i;
       |
     37|            const dim_size = bigEndianToNative!int(d.dim_size);
     37|            const lbound = bigEndianToNative!int(d.lbound);
       |
     37|            if(dim_size < 0)
0000000|                throw new ValueConvException(ConvExceptionType.CORRUPTED_ARRAY,
       |                    "Dimension size is negative ("~to!string(dim_size)~")",
       |                );
       |
       |            // FIXME: What is lbound in postgresql array reply?
     37|            if(!(lbound == 1))
0000000|                throw new ValueConvException(ConvExceptionType.CORRUPTED_ARRAY,
       |                    "Please report if you came across this error! lbound=="~to!string(lbound),
       |                );
       |
     37|            dimsSize[i] = dim_size;
       |
     37|            if(i == 0) // first dimension
     16|                nElems = dim_size;
       |            else
     21|                nElems *= dim_size;
       |        }
       |    }
       |}
       |
       |/// Represents Value as array
       |///
       |/// Actually it is a reference to the cell value of the answer table
       |immutable struct Array
       |{
       |    ArrayProperties ap; ///
       |    alias ap this;
       |
       |    private ubyte[][] elements;
       |    private bool[] elementIsNULL;
       |
     12|    this(immutable Value cell)
       |    {
     12|        if(!(cell.format == ValueFormat.BINARY))
0000000|            throw new ValueConvException(ConvExceptionType.NOT_BINARY,
       |                msg_NOT_BINARY, __FILE__, __LINE__);
       |
     12|        ap = cast(immutable) ArrayProperties(cell);
       |
       |        // Looping through all elements and fill out index of them
       |        try
       |        {
     12|            auto elements = new immutable (ubyte)[][ nElems ];
     12|            auto elementIsNULL = new bool[ nElems ];
       |
     12|            auto data = BytesReader!(immutable ubyte[])(cell.data[ap.dataOffset .. $]);
       |
    138|            for(uint i = 0; i < nElems; ++i)
       |            {
       |                /// size in network byte order
     57|                const size_net = data.read!(ubyte[int.sizeof]);
       |
     57|                uint size = bigEndianToNative!uint(*size_net);
     57|                if( size == size.max ) // NULL magic number
       |                {
      1|                    elementIsNULL[i] = true;
       |                }
       |                else
       |                {
     56|                    elementIsNULL[i] = false;
     56|                    elements[i] = data.readBuff(size);
       |                }
       |            }
       |
     12|            this.elements = elements.idup;
     12|            this.elementIsNULL = elementIsNULL.idup;
       |        }
       |        catch(AnswerException e)
       |        {
       |            // Malformed array bytes buffer?
0000000|            if(e.type == ExceptionType.FATAL_ERROR && e.msg is null)
0000000|                throw new ValueConvException(
       |                    ConvExceptionType.CORRUPTED_ARRAY,
       |                    "Corrupted array",
       |                    __FILE__, __LINE__, e
       |                );
       |            else
0000000|                throw e;
       |        }
       |    }
       |
       |    /// Returns number of elements in array
       |    /// Useful for one-dimensional arrays
       |    size_t length()
       |    {
      6|        return nElems;
       |    }
       |
       |    /// Returns Value struct by index
       |    /// Useful for one-dimensional arrays
       |    immutable (Value) opIndex(size_t n)
       |    {
0000000|        return opIndex(n.to!int);
       |    }
       |
       |    /// Returns Value struct by index
       |    /// Useful for one-dimensional arrays
       |    immutable (Value) opIndex(int n)
       |    {
      9|        return getValue(n);
       |    }
       |
       |    /// Returns Value struct
       |    /// Useful for multidimensional arrays
       |    immutable (Value) getValue( ... )
       |    {
     13|        auto n = coords2Serial( _argptr, _arguments );
       |
     13|        return getValueByFlatIndex(n);
       |    }
       |
       |    ///
       |    package immutable (Value) getValueByFlatIndex(size_t n)
       |    {
     19|        return immutable Value(elements[n], OID, elementIsNULL[n], ValueFormat.BINARY);
       |    }
       |
       |    /// Value NULL checking
       |    bool isNULL( ... )
       |    {
0000000|        auto n = coords2Serial( _argptr, _arguments );
0000000|        return elementIsNULL[n];
       |    }
       |
       |    private size_t coords2Serial( va_list _argptr, TypeInfo[] _arguments )
       |    {
     13|        assert( _arguments.length > 0, "Number of the arguments must be more than 0" );
       |
       |        // Variadic args parsing
     13|        auto args = new int[ _arguments.length ];
       |
     13|        if(!(dimsSize.length == args.length))
0000000|            throw new ValueConvException(
       |                ConvExceptionType.OUT_OF_RANGE,
       |                "Mismatched dimensions number in Value and passed arguments: "~dimsSize.length.to!string~" and "~args.length.to!string,
       |            );
       |
     68|        for( uint i; i < args.length; ++i )
       |        {
     21|            assert( _arguments[i] == typeid(int) );
     21|            args[i] = va_arg!(int)(_argptr);
       |
     21|            if(!(dimsSize[i] > args[i]))
0000000|                throw new ValueConvException(
       |                    ConvExceptionType.OUT_OF_RANGE,
       |                    "Index is out of range",
       |                );
       |        }
       |
       |        // Calculates serial number of the element
     13|        auto inner = args.length - 1; // inner dimension
     13|        auto element_num = args[inner]; // serial number of the element
     13|        uint s = 1; // perpendicular to a vector which size is calculated currently
     42|        for( auto i = inner; i > 0; --i )
       |        {
      8|            s *= dimsSize[i];
      8|            element_num += s * args[i-1];
       |        }
       |
     13|        assert( element_num <= nElems );
     13|        return element_num;
       |    }
       |}
       |
       |/// Notify
       |class Notify
       |{
       |    private immutable PGnotify* n;
       |
0000000|    package this(immutable PGnotify* pgn)
       |    {
0000000|        assert(pgn != null);
       |
0000000|        n = pgn;
0000000|        cast(void) enforce!OutOfMemoryError(n, "Can't write notify");
       |    }
       |
       |    ~this()
       |    {
0000000|        PQfreemem( cast(void*) n );
       |    }
       |
       |    /// Returns notification condition name
0000000|    string name() { return to!string( n.relname ); }
       |
       |    /// Returns notification parameter
0000000|    string extra() { return to!string( n.extra ); }
       |
       |    /// Returns process ID of notifying server process
0000000|    size_t pid() { return n.be_pid; }
       |}
       |
       |/// Covers errors of Answer creation when data was not received due to syntax errors, etc
       |class ResponseException : Dpq2Exception
       |{
       |    immutable(Result) result;
       |    alias result this;
       |
0000000|    this(immutable(Result) result, string file = __FILE__, size_t line = __LINE__)
       |    {
0000000|        this.result = result;
       |
0000000|        super(result.resultErrorMessage(), file, line);
       |    }
       |}
       |
       |// TODO: deprecated
       |alias AnswerCreationException = ResponseException;
       |
       |/// Answer exception types
       |enum ExceptionType
       |{
       |    FATAL_ERROR, ///
       |    COLUMN_NOT_FOUND, /// Column is not found
       |    OUT_OF_RANGE, ///
       |    COPY_OUT_NOT_IMPLEMENTED = 10000, /// TODO
       |}
       |
       |/// Covers errors of access to Answer data
       |class AnswerException : Dpq2Exception
       |{
       |    const ExceptionType type; /// Exception type
       |
0000000|    this(ExceptionType t, string msg, string file = __FILE__, size_t line = __LINE__) pure @safe
       |    {
0000000|        type = t;
0000000|        super(msg, file, line);
       |    }
       |}
       |
       |package immutable msg_NOT_BINARY = "Format of the column is not binary";
       |
       |version (integration_tests)
       |void _integration_test( string connParam )
       |{
       |    import core.exception: AssertError;
       |
0000000|    auto conn = new Connection(connParam);
       |
       |    // Text type results testing
       |    {
0000000|        string sql_query =
       |        "select now() as time,  'abc'::text as field_name,   123,  456.78\n"~
       |        "union all\n"~
       |
       |        "select now(),          'def'::text,                 456,  910.11\n"~
       |        "union all\n"~
       |
       |        "select NULL,           'ijk_АБВГД'::text,           789,  12345.115345";
       |
0000000|        auto e = conn.exec(sql_query);
       |
0000000|        assert( e[1][2].as!PGtext == "456" );
0000000|        assert( e[2][1].as!PGtext == "ijk_АБВГД" );
0000000|        assert( !e[0].isNULL(0) );
0000000|        assert( e[2].isNULL(0) );
0000000|        assert( e.columnNum( "field_name" ) == 1 );
0000000|        assert( e[1]["field_name"].as!PGtext == "def" );
0000000|        assert(e.columnExists("field_name"));
0000000|        assert(!e.columnExists("foo"));
       |    }
       |
       |    // Binary type arguments testing:
0000000|    QueryParams p;
0000000|    p.resultFormat = ValueFormat.BINARY;
0000000|    p.sqlCommand = "SELECT "~
       |        "-32761::smallint, "~
       |        "-2147483646::integer as integer_value, "~
       |        "'first line\nsecond line'::text, "~
       |        "array[[[1,  2, 3], "~
       |               "[4,  5, 6]], "~
       |
       |              "[[7,  8, 9], "~
       |              "[10, 11,12]], "~
       |
       |              "[[13,14,NULL], "~
       |               "[16,17,18]]]::integer[] as test_array, "~
       |        "NULL::smallint,"~
       |        "array[11,22,NULL,44]::integer[] as small_array, "~
       |        "array['1','23',NULL,'789A']::text[] as text_array, "~
       |        "array[]::text[] as empty_array";
       |
0000000|    auto r = conn.execParams(p);
       |
       |    {
0000000|        assert( r[0].isNULL(4) );
0000000|        assert( !r[0].isNULL(2) );
       |
0000000|        assert( r.OID(3) == OidType.Int4Array );
0000000|        assert( r.isSupportedArray(3) );
0000000|        assert( !r.isSupportedArray(2) );
0000000|        assert( r[0].columnExists("test_array") );
0000000|        auto v = r[0]["test_array"];
0000000|        assert( v.isSupportedArray );
0000000|        assert( !r[0][2].isSupportedArray );
0000000|        auto a = v.asArray;
0000000|        assert( a.OID == OidType.Int4 );
0000000|        assert( a.getValue(2,1,2).as!PGinteger == 18 );
0000000|        assert( a.isNULL(2,0,2) );
0000000|        assert( !a.isNULL(2,1,2) );
0000000|        assert( r[0]["small_array"].asArray[1].as!PGinteger == 22 );
0000000|        assert( r[0]["small_array"].asArray[2].isNull );
0000000|        assert( r[0]["text_array"].asArray[2].isNull );
0000000|        assert( r.columnName(3) == "test_array" );
0000000|        assert( r[0].columnName(3) == "test_array" );
0000000|        assert( r[0]["empty_array"].asArray.nElems == 0 );
0000000|        assert( r[0]["empty_array"].asArray.dimsSize.length == 0 );
0000000|        assert( r[0]["empty_array"].asArray.length == 0 );
0000000|        assert( r[0]["text_array"].asArray.length == 4 );
0000000|        assert( r[0]["test_array"].asArray.length == 18 );
       |
       |        // Access to NULL cell
       |        {
0000000|            bool isNullFlag = false;
       |            try
0000000|                cast(void) r[0][4].as!PGsmallint;
       |            catch(AssertError)
0000000|                isNullFlag = true;
       |            finally
0000000|                assert(isNullFlag);
       |        }
       |
       |        // Access to NULL array element
       |        {
0000000|            bool isNullFlag = false;
       |            try
0000000|                cast(void) r[0]["small_array"].asArray[2].as!PGinteger;
       |            catch(AssertError)
0000000|                isNullFlag = true;
       |            finally
0000000|                assert(isNullFlag);
       |        }
       |    }
       |
       |    // Notifies test
       |    {
0000000|        conn.exec( "listen test_notify; notify test_notify, 'test payload'" );
0000000|        auto notify = conn.getNextNotify;
       |
0000000|        assert( notify.name == "test_notify" );
0000000|        assert( notify.extra == "test payload" );
       |    }
       |
       |    // Async query test 1
0000000|    conn.sendQuery( "select 123; select 456; select 789" );
0000000|    while( conn.getResult() !is null ){}
0000000|    assert( conn.getResult() is null ); // removes null answer at the end
       |
       |    // Async query test 2
0000000|    conn.sendQueryParams(p);
0000000|    while( conn.getResult() !is null ){}
0000000|    assert( conn.getResult() is null ); // removes null answer at the end
       |
       |    {
       |        // Range test
0000000|        auto rowsRange = rangify(r);
0000000|        size_t count = 0;
       |
0000000|        foreach(row; rowsRange)
0000000|            foreach(elem; rangify(row))
0000000|                count++;
       |
0000000|        assert(count == 8);
       |    }
       |
       |    {
0000000|        bool exceptionFlag = false;
       |
0000000|        try r[0]["integer_value"].as!PGtext;
       |        catch(ValueConvException e)
       |        {
0000000|            exceptionFlag = true;
0000000|            assert(e.msg.length > 5); // error message check
       |        }
       |        finally
0000000|            assert(exceptionFlag);
       |    }
       |
       |    {
0000000|        bool exceptionFlag = false;
       |
0000000|        try conn.exec("WRONG SQL QUERY");
       |        catch(ResponseException e)
       |        {
0000000|            exceptionFlag = true;
0000000|            assert(e.msg.length > 20); // error message check
       |
       |            version(LDC) destroy(e); // before Derelict unloads its bindings (prevents SIGSEGV)
       |        }
       |        finally
0000000|            assert(exceptionFlag);
       |    }
       |
       |    {
       |        import dpq2.conv.from_d_types : toValue;
       |
0000000|        conn.exec("CREATE TABLE test (num INTEGER)");
0000000|        scope (exit) conn.exec("DROP TABLE test");
0000000|        conn.prepare("test", "INSERT INTO test (num) VALUES ($1)");
0000000|        QueryParams qp;
0000000|        qp.preparedStatementName = "test";
0000000|        qp.args = new Value[1];
0000000|        foreach (i; 0..10)
       |        {
0000000|            qp.args[0] = i.toValue;
0000000|            conn.execPrepared(qp);
       |        }
       |
0000000|        auto res = conn.exec("DELETE FROM test");
0000000|        assert(res.cmdTuples == "10");
       |    }
       |}
src/dpq2/result.d is 25% covered
