       |/// Query methods
       |module dpq2.query;
       |
       |public import dpq2.args;
       |
       |import dpq2.connection: Connection, ConnectionException;
       |import dpq2.result: Result;
       |import dpq2.value;
       |import dpq2.oids: OidType;
       |import derelict.pq.pq;
       |import core.time: Duration, dur;
       |import std.exception: enforce;
       |
       |/// Extends Connection by adding query methods
       |mixin template Queries()
       |{
       |    /// Perform SQL query to DB
       |    immutable (Answer) exec( string SQLcmd )
       |    {
       |        auto pgResult = PQexec(conn, toStringz( SQLcmd ));
       |
       |        // is guaranteed by libpq that the result will not be changed until it will not be destroyed
       |        auto container = createResultContainer(cast(immutable) pgResult);
       |
       |        return new immutable Answer(container);
       |    }
       |
       |    /// Perform SQL query to DB
       |    immutable (Answer) execParams(in ref QueryParams qp)
       |    {
       |        auto p = InternalQueryParams(&qp);
       |        auto pgResult = PQexecParams (
       |                conn,
       |                p.command,
       |                p.nParams,
       |                p.paramTypes,
       |                p.paramValues,
       |                p.paramLengths,
       |                p.paramFormats,
       |                p.resultFormat
       |        );
       |
       |        // is guaranteed by libpq that the result will not be changed until it will not be destroyed
       |        auto container = createResultContainer(cast(immutable) pgResult);
       |
       |        return new immutable Answer(container);
       |    }
       |
       |    /// Submits a command to the server without waiting for the result(s)
       |    void sendQuery( string SQLcmd )
       |    {
       |        const size_t r = PQsendQuery( conn, toStringz(SQLcmd) );
       |        if(r != 1) throw new ConnectionException(this, __FILE__, __LINE__);
       |    }
       |
       |    /// Submits a command and separate parameters to the server without waiting for the result(s)
       |    void sendQueryParams(in ref QueryParams qp)
       |    {
       |        auto p = InternalQueryParams(&qp);
       |        size_t r = PQsendQueryParams (
       |                conn,
       |                p.command,
       |                p.nParams,
       |                p.paramTypes,
       |                p.paramValues,
       |                p.paramLengths,
       |                p.paramFormats,
       |                p.resultFormat
       |            );
       |
       |        if(r != 1) throw new ConnectionException(this, __FILE__, __LINE__);
       |    }
       |
       |    /// Sends a request to execute a prepared statement with given parameters, without waiting for the result(s)
       |    void sendQueryPrepared(in ref QueryParams qp)
       |    {
       |        auto p = InternalQueryParams(&qp);
       |        size_t r = PQsendQueryPrepared(
       |                conn,
       |                p.stmtName,
       |                p.nParams,
       |                p.paramValues,
       |                p.paramLengths,
       |                p.paramFormats,
       |                p.resultFormat
       |            );
       |
       |        if(r != 1) throw new ConnectionException(this, __FILE__, __LINE__);
       |    }
       |
       |    /// Returns null if no notifies was received
       |    Notify getNextNotify()
       |    {
       |        consumeInput();
       |        auto n = PQnotifies(conn);
       |        return n is null ? null : new Notify( n );
       |    }
       |
       |    /// Submits a request to create a prepared statement with the given parameters, and waits for completion.
       |    /// Returns: Result of query preparing
       |    immutable(Result) prepare(string statementName, string sqlStatement, in Oid[] oids = null)
       |    {
       |        PGresult* pgResult = PQprepare(
       |                conn,
       |                toStringz(statementName),
       |                toStringz(sqlStatement),
       |                oids.length.to!int,
       |                oids.ptr
       |            );
       |
       |        // is guaranteed by libpq that the result will not be changed until it will not be destroyed
       |        auto container = createResultContainer(cast(immutable) pgResult);
       |
       |        return new immutable Result(container);
       |    }
       |
       |    /// Submits a request to create a prepared statement with the given parameters, and waits for completion.
       |    ///
       |    /// Throws an exception if preparing failed.
       |    void prepareEx(string statementName, string sqlStatement, in Oid[] oids = null)
       |    {
       |        auto r = prepare(statementName, sqlStatement, oids);
       |
       |        if(r.status != PGRES_COMMAND_OK)
       |            throw new ResponseException(r, __FILE__, __LINE__);
       |    }
       |
       |    /// Submits a request to execute a prepared statement with given parameters, and waits for completion.
       |    immutable(Answer) execPrepared(in ref QueryParams qp)
       |    {
       |        auto p = InternalQueryParams(&qp);
       |        auto pgResult = PQexecPrepared(
       |                conn,
       |                p.stmtName,
       |                p.nParams,
       |                cast(const(char*)*)p.paramValues,
       |                p.paramLengths,
       |                p.paramFormats,
       |                p.resultFormat
       |            );
       |
       |        // is guaranteed by libpq that the result will not be changed until it will not be destroyed
       |        auto container = createResultContainer(cast(immutable) pgResult);
       |
       |        return new immutable Answer(container);
       |    }
       |
       |    /// Sends a request to create a prepared statement with the given parameters, without waiting for completion.
       |    void sendPrepare(string statementName, string sqlStatement, in Oid[] oids = null)
       |    {
       |        size_t r = PQsendPrepare(
       |                conn,
       |                toStringz(statementName),
       |                toStringz(sqlStatement),
       |                oids.length.to!int,
       |                cast(Oid*)oids.ptr //const should be accepted here, see https://github.com/DerelictOrg/DerelictPQ/issues/21
       |            );
       |
       |        if(r != 1) throw new ConnectionException(this, __FILE__, __LINE__);
       |    }
       |
       |    immutable(Answer) describePrepared(string statementName)
       |    {
       |        PGresult* pgResult = PQdescribePrepared(conn, toStringz(statementName));
       |
       |        // is guaranteed by libpq that the result will not be changed until it will not be destroyed
       |        auto container = createResultContainer(cast(immutable) pgResult);
       |
       |        return new immutable Answer(container);
       |    }
       |
       |    void sendDescribePrepared(string statementName)
       |    {
       |        size_t r = PQsendDescribePrepared(conn, statementName.toStringz);
       |
       |        if(r != 1) throw new ConnectionException(this, __FILE__, __LINE__);
       |    }
       |
       |    /// Waiting for completion of reading or writing
       |    /// Return: timeout not occured
       |    version(unittest)
       |    bool waitEndOf(WaitType type, Duration timeout = Duration.zero)
       |    {
       |        import std.socket;
       |
       |        auto socket = this.socket();
       |        auto set = new SocketSet;
       |        set.add(socket);
       |
       |        while(true)
       |        {
       |            if(status() == CONNECTION_BAD)
       |                throw new ConnectionException(this, __FILE__, __LINE__);
       |
       |            if(poll() == PGRES_POLLING_OK)
       |            {
       |                return true;
       |            }
       |            else
       |            {
       |                size_t sockNum;
       |
       |                with(WaitType)
       |                final switch(type)
       |                {
       |                    case READ:
       |                        sockNum = Socket.select(set, null, set, timeout);
       |                        break;
       |
       |                    case WRITE:
       |                        sockNum = Socket.select(null, set, set, timeout);
       |                        break;
       |
       |                    case READ_WRITE:
       |                        sockNum = Socket.select(set, set, set, timeout);
       |                        break;
       |                }
       |
       |                enforce(sockNum >= 0);
       |                if(sockNum == 0) return false; // timeout is occurred
       |
       |                continue;
       |            }
       |        }
       |    }
       |}
       |
       |version(unittest)
       |enum WaitType
       |{
       |    READ,
       |    WRITE,
       |    READ_WRITE
       |}
       |
       |version (integration_tests)
       |void _integration_test( string connParam ) @trusted
       |{
       |    import dpq2.conv.to_d_types;
       |    import dpq2.conv.to_bson;
       |
      1|    auto conn = new Connection(connParam);
       |
       |    // Text type arguments testing
       |    {
      1|        string sql_query =
       |        "select now() as time, 'abc'::text as string, 123, 456.78\n"~
       |        "union all\n"~
       |        "select now(), 'абвгд'::text, 777, 910.11\n"~
       |        "union all\n"~
       |        "select NULL, 'ijk'::text, 789, 12345.115345";
       |
      1|        auto a = conn.exec( sql_query );
       |
      1|        assert( a.cmdStatus.length > 2 );
      1|        assert( a.columnCount == 4 );
      1|        assert( a.length == 3 );
      1|        assert( a.columnFormat(1) == ValueFormat.TEXT );
      1|        assert( a.columnFormat(2) == ValueFormat.TEXT );
       |    }
       |
       |    // Binary type arguments testing
       |    {
       |        import vibe.data.bson: Bson;
       |
      1|        const string sql_query =
       |        "select $1::text, $2::integer, $3::text, $4, $5::integer[]";
       |
      1|        Value[5] args;
      1|        args[0] = toValue("абвгд");
      1|        args[1] = Value(ValueFormat.BINARY, OidType.Undefined); // undefined type NULL value
      1|        args[2] = toValue("123");
      1|        args[3] = Value(ValueFormat.BINARY, OidType.Int8); // NULL value
       |
      1|        Bson binArray = Bson([
       |            Bson([Bson(null), Bson(123), Bson(456)]),
       |            Bson([Bson(0), Bson(789), Bson(null)])
       |        ]);
       |
      1|        args[4] = bsonToValue(binArray);
       |
      1|        QueryParams p;
      1|        p.sqlCommand = sql_query;
      1|        p.args = args[];
       |
      1|        auto a = conn.execParams( p );
       |
     18|        foreach(i; 0 .. args.length)
      5|            assert(a.columnFormat(i) == ValueFormat.BINARY);
       |
      1|        assert( a.OID(0) == OidType.Text );
      1|        assert( a.OID(1) == OidType.Int4 );
      1|        assert( a.OID(2) == OidType.Text );
      1|        assert( a.OID(3) == OidType.Int8 );
      1|        assert( a.OID(4) == OidType.Int4Array );
       |
       |        // binary args array test
      1|        assert( a[0][4].as!Bson == binArray );
       |    }
       |
       |    {
       |        // Bug #52: empty text argument
      1|        QueryParams p;
      1|        Value v = toValue("");
       |
      1|        p.sqlCommand = "SELECT $1";
      1|        p.args = [v];
       |
      1|        auto a = conn.execParams(p);
       |
      1|        assert( !a[0][0].isNull );
      1|        assert( a[0][0].as!string == "" );
       |    }
       |
       |    // checking prepared statements
       |    {
       |        // uses PQprepare:
      1|        conn.prepareEx("prepared statement 1", "SELECT $1::integer");
       |
      1|        QueryParams p;
      1|        p.preparedStatementName = "prepared statement 1";
      1|        p.args = [42.toValue];
      1|        auto r = conn.execPrepared(p);
      1|        assert (r[0][0].as!int == 42);
       |    }
       |    {
       |        // uses PQsendPrepare:
      1|        conn.sendPrepare("prepared statement 2", "SELECT $1::text, $2::integer");
       |
      1|        conn.waitEndOf(WaitType.READ, dur!"seconds"(5));
      1|        conn.consumeInput();
       |
      1|        immutable(Result)[] res;
       |
      2|        while(true)
       |        {
      2|            auto r = conn.getResult();
      3|            if(r is null) break;
      1|            res ~= r;
       |        }
       |
      1|        assert(res.length == 1);
      1|        assert(res[0].status == PGRES_COMMAND_OK);
       |    }
       |    {
       |        // check prepared arg types and result types
      1|        auto a = conn.describePrepared("prepared statement 2");
       |
      1|        assert(a.nParams == 2);
      1|        assert(a.paramType(0) == OidType.Text);
      1|        assert(a.paramType(1) == OidType.Int4);
       |    }
       |    {
       |        // async check prepared arg types and result types
      1|        conn.sendDescribePrepared("prepared statement 2");
       |
      1|        conn.waitEndOf(WaitType.READ, dur!"seconds"(5));
      1|        conn.consumeInput();
       |
      1|        immutable(Result)[] res;
       |
      2|        while(true)
       |        {
      2|            auto r = conn.getResult();
      3|            if(r is null) break;
      1|            res ~= r;
       |        }
       |
      1|        assert(res.length == 1);
      1|        assert(res[0].status == PGRES_COMMAND_OK);
       |
      1|        auto a = res[0].getAnswer;
       |
      1|        assert(a.nParams == 2);
      1|        assert(a.paramType(0) == OidType.Text);
      1|        assert(a.paramType(1) == OidType.Int4);
       |    }
       |    {
      1|        QueryParams p;
      1|        p.preparedStatementName = "prepared statement 2";
      1|        p.argsFromArray = ["abc", "123456"];
       |
      1|        conn.sendQueryPrepared(p);
       |
      1|        conn.waitEndOf(WaitType.READ, dur!"seconds"(5));
      1|        conn.consumeInput();
       |
      1|        immutable(Result)[] res;
       |
      2|        while(true)
       |        {
      2|            auto r = conn.getResult();
      3|            if(r is null) break;
      1|            res ~= r;
       |        }
       |
      1|        assert(res.length == 1);
      1|        assert(res[0].getAnswer[0][0].as!PGtext == "abc");
      1|        assert(res[0].getAnswer[0][1].as!PGinteger == 123456);
       |    }
       |
       |    import std.socket;
      1|    conn.socket.shutdown(SocketShutdown.BOTH); // breaks connection
       |
       |    {
      1|        bool exceptionFlag = false;
       |
      1|        try conn.exec("SELECT 'abc'::text").getAnswer;
       |        catch(ConnectionException e)
       |        {
      1|            exceptionFlag = true;
      1|            assert(e.msg.length > 15); // error message check
       |        }
       |        finally
      1|            assert(exceptionFlag);
       |    }
       |}
src/dpq2/query.d is 100% covered
